<?xml version="1.0" encoding="UTF-8"?>
<!-- Generated by org.testng.reporters.JUnitXMLReporter -->
<testsuite ignored="0" hostname="BA-000311890" failures="0" tests="5" name="Register Demo Test Case" time="18.588" errors="0" timestamp="2023-07-14T16:00:58 IST">
  <testcase classname="com.telus.registerdemo.RegisterDemoTestNG" name="launchApplication" time="10.732"/>
  <testcase classname="com.telus.registerdemo.RegisterDemoTestNG" name="navigateToRegisterDemoPage" time="1.912"/>
  <testcase classname="com.telus.registerdemo.RegisterDemoTestNG" name="registerUser" time="5.67"/>
  <testcase classname="com.telus.registerdemo.RegisterDemoTestNG" name="validateSuccessfulMsg" time="0.027"/>
  <testcase classname="com.telus.registerdemo.RegisterDemoTestNG" name="closeApplication" time="0.199"/>
</testsuite> <!-- Register Demo Test Case -->
