<?xml version="1.0" encoding="UTF-8"?>
<testng-results ignored="0" total="5" passed="5" failed="0" skipped="0">
  <reporter-output>
  </reporter-output>
  <suite started-at="2023-07-14T16:00:39 IST" name="Automation Suite" finished-at="2023-07-14T16:00:58 IST" duration-ms="18588">
    <groups>
    </groups>
    <test started-at="2023-07-14T16:00:39 IST" name="Register Demo Test Case" finished-at="2023-07-14T16:00:58 IST" duration-ms="18588">
      <class name="com.telus.registerdemo.RegisterDemoTestNG">
        <test-method signature="launchApplication()[pri:1, instance:com.telus.registerdemo.RegisterDemoTestNG@32b260fa]" started-at="2023-07-14T16:00:39 IST" name="launchApplication" finished-at="2023-07-14T16:00:50 IST" duration-ms="10732" status="PASS">
          <reporter-output>
          </reporter-output>
        </test-method> <!-- launchApplication -->
        <test-method signature="navigateToRegisterDemoPage()[pri:2, instance:com.telus.registerdemo.RegisterDemoTestNG@32b260fa]" started-at="2023-07-14T16:00:50 IST" name="navigateToRegisterDemoPage" finished-at="2023-07-14T16:00:52 IST" duration-ms="1912" status="PASS">
          <reporter-output>
          </reporter-output>
        </test-method> <!-- navigateToRegisterDemoPage -->
        <test-method signature="registerUser()[pri:3, instance:com.telus.registerdemo.RegisterDemoTestNG@32b260fa]" started-at="2023-07-14T16:00:52 IST" name="registerUser" finished-at="2023-07-14T16:00:58 IST" duration-ms="5670" status="PASS">
          <reporter-output>
          </reporter-output>
        </test-method> <!-- registerUser -->
        <test-method signature="validateSuccessfulMsg()[pri:4, instance:com.telus.registerdemo.RegisterDemoTestNG@32b260fa]" started-at="2023-07-14T16:00:58 IST" name="validateSuccessfulMsg" finished-at="2023-07-14T16:00:58 IST" duration-ms="27" status="PASS">
          <reporter-output>
          </reporter-output>
        </test-method> <!-- validateSuccessfulMsg -->
        <test-method signature="closeApplication()[pri:5, instance:com.telus.registerdemo.RegisterDemoTestNG@32b260fa]" started-at="2023-07-14T16:00:58 IST" name="closeApplication" finished-at="2023-07-14T16:00:58 IST" duration-ms="199" status="PASS">
          <reporter-output>
          </reporter-output>
        </test-method> <!-- closeApplication -->
      </class> <!-- com.telus.registerdemo.RegisterDemoTestNG -->
    </test> <!-- Register Demo Test Case -->
  </suite> <!-- Automation Suite -->
</testng-results>
